2024-10-19 19:07:44 - INFO - START ROUTE: /api/player-match-historyRzdoQhmL8pdy8Oj8MweL584sMtP6pdn5TwcXpeq-9OnGeOmUrFaWc8NECbYF_kG4C0aQg-PjSxCuyQ
2024-10-20 17:15:52 - INFO - START ROUTE: /api/ladder
2024-10-20 17:15:52 - INFO - START ROUTE: /api/ladder
2024-10-20 17:15:52 - INFO - returned data sample: []
2024-10-20 17:15:52 - INFO - returned data length: 0
2024-10-20 17:15:52 - INFO - END ROUTE: /api/ladder
2024-10-20 17:15:52 - INFO - returned data sample: []
2024-10-20 17:15:52 - INFO - returned data length: 0
2024-10-20 17:15:52 - INFO - END ROUTE: /api/ladder
2024-10-20 17:15:52 - INFO - START ROUTE: /api/ladder
2024-10-20 17:15:52 - INFO - START ROUTE: /api/ladder
2024-10-20 17:15:52 - INFO - returned data sample: []
2024-10-20 17:15:52 - INFO - returned data length: 0
2024-10-20 17:15:52 - INFO - END ROUTE: /api/ladder
2024-10-20 17:15:52 - INFO - returned data sample: []
2024-10-20 17:15:52 - INFO - returned data length: 0
2024-10-20 17:15:52 - INFO - END ROUTE: /api/ladder
2024-10-20 17:17:15 - INFO - START ROUTE: /api/ladder
2024-10-20 17:17:15 - INFO - returned data sample: []
2024-10-20 17:17:15 - INFO - returned data length: 0
2024-10-20 17:17:15 - INFO - END ROUTE: /api/ladder
2024-10-20 17:17:16 - INFO - START ROUTE: /api/ladder
2024-10-20 17:17:16 - INFO - START ROUTE: /api/ladder
2024-10-20 17:17:16 - INFO - returned data sample: []
2024-10-20 17:17:16 - INFO - returned data length: 0
2024-10-20 17:17:16 - INFO - END ROUTE: /api/ladder
2024-10-20 17:17:16 - INFO - returned data sample: []
2024-10-20 17:17:16 - INFO - returned data length: 0
2024-10-20 17:17:16 - INFO - END ROUTE: /api/ladder
2024-10-20 17:17:16 - INFO - START ROUTE: /api/ladder
2024-10-20 17:17:16 - INFO - returned data sample: []
2024-10-20 17:17:16 - INFO - returned data length: 0
2024-10-20 17:17:16 - INFO - END ROUTE: /api/ladder
2024-10-20 17:18:40 - INFO - START ROUTE: /api/ladder
2024-10-20 17:18:40 - INFO - START ROUTE: /api/ladder
2024-10-20 17:18:40 - INFO - returned data sample: []
2024-10-20 17:18:40 - INFO - returned data length: 0
2024-10-20 17:18:40 - INFO - END ROUTE: /api/ladder
2024-10-20 17:18:40 - INFO - returned data sample: []
2024-10-20 17:18:40 - INFO - returned data length: 0
2024-10-20 17:18:40 - INFO - END ROUTE: /api/ladder
2024-10-20 17:18:40 - INFO - START ROUTE: /api/ladder
2024-10-20 17:18:40 - INFO - START ROUTE: /api/ladder
2024-10-20 17:18:40 - INFO - returned data sample: []
2024-10-20 17:18:40 - INFO - returned data length: 0
2024-10-20 17:18:40 - INFO - END ROUTE: /api/ladder
2024-10-20 17:18:40 - INFO - returned data sample: []
2024-10-20 17:18:40 - INFO - returned data length: 0
2024-10-20 17:18:40 - INFO - END ROUTE: /api/ladder
2024-10-20 17:18:43 - INFO - START ROUTE: /api/ladder
2024-10-20 17:18:43 - INFO - START ROUTE: /api/ladder
2024-10-20 17:18:43 - INFO - returned data sample: []
2024-10-20 17:18:43 - INFO - returned data length: 0
2024-10-20 17:18:43 - INFO - END ROUTE: /api/ladder
2024-10-20 17:18:43 - INFO - returned data sample: []
2024-10-20 17:18:43 - INFO - returned data length: 0
2024-10-20 17:18:43 - INFO - END ROUTE: /api/ladder
2024-10-20 17:19:37 - INFO - START ROUTE: /api/ladder
2024-10-20 17:19:37 - INFO - START ROUTE: /api/ladder
2024-10-20 17:19:37 - INFO - returned data sample: []
2024-10-20 17:19:37 - INFO - returned data length: 0
2024-10-20 17:19:37 - INFO - END ROUTE: /api/ladder
2024-10-20 17:19:37 - INFO - returned data sample: []
2024-10-20 17:19:37 - INFO - returned data length: 0
2024-10-20 17:19:37 - INFO - END ROUTE: /api/ladder
2024-10-20 17:19:52 - INFO - START ROUTE: /api/ladder
2024-10-20 17:19:52 - INFO - START ROUTE: /api/ladder
2024-10-20 17:19:52 - INFO - returned data sample: [{'_id': ObjectId('6714916c88a0b1c98cf9f073'), 'summonerId': 'FeNzqi6KmJT7TNaPgXIK0nmH7wYAfwfk0kSp9l1LdLfpBfVTEF6Z9mksnQ', 'leaguePoints': 1314, 'rank': 'I', 'wins': 114, 'losses': 57, 'veteran': False, 'inactive': False, 'freshBlood': False, 'hotStreak': False, 'tier': 'CHALLENGER', 'player_ids_data': {'_id': ObjectId('6714b6690ca3b17a9a7afcc4'), 'id': 'FeNzqi6KmJT7TNaPgXIK0nmH7wYAfwfk0kSp9l1LdLfpBfVTEF6Z9mksnQ', 'accountId': 'WURsoTHj2uAeiE5IFgGCwG2gtJ3t5wz7b4bbFY10MdyztYzLWzpJ2l0F', 'puuid': 'zn1JhY51h46Em3p6a4b13m-S8krnh37-nA2PE7vuEhijojMf3N8l3X_pyx-lvHGfTjsbhCpn6YZh_w', 'profileIconId': 3494, 'revisionDate': 1729401176986, 'summonerLevel': 108, 'gameName': 'divine maple', 'tagLine': 'goat'}, 'player_summarized_stats_data': {'_id': 'zn1JhY51h46Em3p6a4b13m-S8krnh37-nA2PE7vuEhijojMf3N8l3X_pyx-lvHGfTjsbhCpn6YZh_w', 'average_kills': 7.338028169014085, 'average_deaths': 4.929577464788732, 'average_assists': 4.316901408450704, 'match_count': 142, 'average_win_rate': 0.6549295774647887}}]
2024-10-20 17:19:52 - INFO - returned data length: 1625
2024-10-20 17:19:52 - INFO - END ROUTE: /api/ladder
2024-10-20 17:19:52 - INFO - returned data sample: [{'_id': ObjectId('6714916c88a0b1c98cf9f073'), 'summonerId': 'FeNzqi6KmJT7TNaPgXIK0nmH7wYAfwfk0kSp9l1LdLfpBfVTEF6Z9mksnQ', 'leaguePoints': 1314, 'rank': 'I', 'wins': 114, 'losses': 57, 'veteran': False, 'inactive': False, 'freshBlood': False, 'hotStreak': False, 'tier': 'CHALLENGER', 'player_ids_data': {'_id': ObjectId('6714b6690ca3b17a9a7afcc4'), 'id': 'FeNzqi6KmJT7TNaPgXIK0nmH7wYAfwfk0kSp9l1LdLfpBfVTEF6Z9mksnQ', 'accountId': 'WURsoTHj2uAeiE5IFgGCwG2gtJ3t5wz7b4bbFY10MdyztYzLWzpJ2l0F', 'puuid': 'zn1JhY51h46Em3p6a4b13m-S8krnh37-nA2PE7vuEhijojMf3N8l3X_pyx-lvHGfTjsbhCpn6YZh_w', 'profileIconId': 3494, 'revisionDate': 1729401176986, 'summonerLevel': 108, 'gameName': 'divine maple', 'tagLine': 'goat'}, 'player_summarized_stats_data': {'_id': 'zn1JhY51h46Em3p6a4b13m-S8krnh37-nA2PE7vuEhijojMf3N8l3X_pyx-lvHGfTjsbhCpn6YZh_w', 'average_kills': 7.338028169014085, 'average_deaths': 4.929577464788732, 'average_assists': 4.316901408450704, 'match_count': 142, 'average_win_rate': 0.6549295774647887}}]
2024-10-20 17:19:52 - INFO - returned data length: 1625
2024-10-20 17:19:52 - INFO - END ROUTE: /api/ladder
2024-10-20 17:21:47 - INFO - START ROUTE: /api/ladder
2024-10-20 17:21:47 - INFO - START ROUTE: /api/ladder
2024-10-20 17:21:47 - INFO - returned data sample: [{'_id': ObjectId('6714916c88a0b1c98cf9f073'), 'summonerId': 'FeNzqi6KmJT7TNaPgXIK0nmH7wYAfwfk0kSp9l1LdLfpBfVTEF6Z9mksnQ', 'leaguePoints': 1314, 'rank': 'I', 'wins': 114, 'losses': 57, 'veteran': False, 'inactive': False, 'freshBlood': False, 'hotStreak': False, 'tier': 'CHALLENGER', 'player_ids_data': {'_id': ObjectId('6714b6690ca3b17a9a7afcc4'), 'id': 'FeNzqi6KmJT7TNaPgXIK0nmH7wYAfwfk0kSp9l1LdLfpBfVTEF6Z9mksnQ', 'accountId': 'WURsoTHj2uAeiE5IFgGCwG2gtJ3t5wz7b4bbFY10MdyztYzLWzpJ2l0F', 'puuid': 'zn1JhY51h46Em3p6a4b13m-S8krnh37-nA2PE7vuEhijojMf3N8l3X_pyx-lvHGfTjsbhCpn6YZh_w', 'profileIconId': 3494, 'revisionDate': 1729401176986, 'summonerLevel': 108, 'gameName': 'divine maple', 'tagLine': 'goat'}, 'player_summarized_stats_data': {'_id': 'zn1JhY51h46Em3p6a4b13m-S8krnh37-nA2PE7vuEhijojMf3N8l3X_pyx-lvHGfTjsbhCpn6YZh_w', 'average_kills': 7.338028169014085, 'average_deaths': 4.929577464788732, 'average_assists': 4.316901408450704, 'match_count': 142, 'average_win_rate': 0.6549295774647887}}]
2024-10-20 17:21:47 - INFO - returned data length: 1625
2024-10-20 17:21:47 - INFO - END ROUTE: /api/ladder
2024-10-20 17:21:47 - INFO - returned data sample: [{'_id': ObjectId('6714916c88a0b1c98cf9f073'), 'summonerId': 'FeNzqi6KmJT7TNaPgXIK0nmH7wYAfwfk0kSp9l1LdLfpBfVTEF6Z9mksnQ', 'leaguePoints': 1314, 'rank': 'I', 'wins': 114, 'losses': 57, 'veteran': False, 'inactive': False, 'freshBlood': False, 'hotStreak': False, 'tier': 'CHALLENGER', 'player_ids_data': {'_id': ObjectId('6714b6690ca3b17a9a7afcc4'), 'id': 'FeNzqi6KmJT7TNaPgXIK0nmH7wYAfwfk0kSp9l1LdLfpBfVTEF6Z9mksnQ', 'accountId': 'WURsoTHj2uAeiE5IFgGCwG2gtJ3t5wz7b4bbFY10MdyztYzLWzpJ2l0F', 'puuid': 'zn1JhY51h46Em3p6a4b13m-S8krnh37-nA2PE7vuEhijojMf3N8l3X_pyx-lvHGfTjsbhCpn6YZh_w', 'profileIconId': 3494, 'revisionDate': 1729401176986, 'summonerLevel': 108, 'gameName': 'divine maple', 'tagLine': 'goat'}, 'player_summarized_stats_data': {'_id': 'zn1JhY51h46Em3p6a4b13m-S8krnh37-nA2PE7vuEhijojMf3N8l3X_pyx-lvHGfTjsbhCpn6YZh_w', 'average_kills': 7.338028169014085, 'average_deaths': 4.929577464788732, 'average_assists': 4.316901408450704, 'match_count': 142, 'average_win_rate': 0.6549295774647887}}]
2024-10-20 17:21:47 - INFO - returned data length: 1625
2024-10-20 17:21:47 - INFO - END ROUTE: /api/ladder
2024-10-20 17:28:46 - INFO - START ROUTE: /api/ladder
2024-10-20 17:28:46 - INFO - START ROUTE: /api/ladder
2024-10-20 17:28:46 - INFO - returned data sample: [{'_id': ObjectId('6714916c88a0b1c98cf9f073'), 'summonerId': 'FeNzqi6KmJT7TNaPgXIK0nmH7wYAfwfk0kSp9l1LdLfpBfVTEF6Z9mksnQ', 'leaguePoints': 1314, 'rank': 'I', 'wins': 114, 'losses': 57, 'veteran': False, 'inactive': False, 'freshBlood': False, 'hotStreak': False, 'tier': 'CHALLENGER', 'player_ids_data': {'_id': ObjectId('6714b6690ca3b17a9a7afcc4'), 'id': 'FeNzqi6KmJT7TNaPgXIK0nmH7wYAfwfk0kSp9l1LdLfpBfVTEF6Z9mksnQ', 'accountId': 'WURsoTHj2uAeiE5IFgGCwG2gtJ3t5wz7b4bbFY10MdyztYzLWzpJ2l0F', 'puuid': 'zn1JhY51h46Em3p6a4b13m-S8krnh37-nA2PE7vuEhijojMf3N8l3X_pyx-lvHGfTjsbhCpn6YZh_w', 'profileIconId': 3494, 'revisionDate': 1729401176986, 'summonerLevel': 108, 'gameName': 'divine maple', 'tagLine': 'goat'}, 'player_summarized_stats_data': {'_id': 'zn1JhY51h46Em3p6a4b13m-S8krnh37-nA2PE7vuEhijojMf3N8l3X_pyx-lvHGfTjsbhCpn6YZh_w', 'average_kills': 7.338028169014085, 'average_deaths': 4.929577464788732, 'average_assists': 4.316901408450704, 'match_count': 142, 'average_win_rate': 0.6549295774647887}}]
2024-10-20 17:28:46 - INFO - returned data length: 1625
2024-10-20 17:28:46 - INFO - END ROUTE: /api/ladder
2024-10-20 17:28:46 - INFO - returned data sample: [{'_id': ObjectId('6714916c88a0b1c98cf9f073'), 'summonerId': 'FeNzqi6KmJT7TNaPgXIK0nmH7wYAfwfk0kSp9l1LdLfpBfVTEF6Z9mksnQ', 'leaguePoints': 1314, 'rank': 'I', 'wins': 114, 'losses': 57, 'veteran': False, 'inactive': False, 'freshBlood': False, 'hotStreak': False, 'tier': 'CHALLENGER', 'player_ids_data': {'_id': ObjectId('6714b6690ca3b17a9a7afcc4'), 'id': 'FeNzqi6KmJT7TNaPgXIK0nmH7wYAfwfk0kSp9l1LdLfpBfVTEF6Z9mksnQ', 'accountId': 'WURsoTHj2uAeiE5IFgGCwG2gtJ3t5wz7b4bbFY10MdyztYzLWzpJ2l0F', 'puuid': 'zn1JhY51h46Em3p6a4b13m-S8krnh37-nA2PE7vuEhijojMf3N8l3X_pyx-lvHGfTjsbhCpn6YZh_w', 'profileIconId': 3494, 'revisionDate': 1729401176986, 'summonerLevel': 108, 'gameName': 'divine maple', 'tagLine': 'goat'}, 'player_summarized_stats_data': {'_id': 'zn1JhY51h46Em3p6a4b13m-S8krnh37-nA2PE7vuEhijojMf3N8l3X_pyx-lvHGfTjsbhCpn6YZh_w', 'average_kills': 7.338028169014085, 'average_deaths': 4.929577464788732, 'average_assists': 4.316901408450704, 'match_count': 142, 'average_win_rate': 0.6549295774647887}}]
2024-10-20 17:28:46 - INFO - returned data length: 1625
2024-10-20 17:28:46 - INFO - END ROUTE: /api/ladder
2024-10-20 17:28:50 - INFO - START ROUTE: /api/ladder
2024-10-20 17:28:50 - INFO - START ROUTE: /api/ladder
2024-10-20 17:28:50 - INFO - returned data sample: [{'_id': ObjectId('6714916c88a0b1c98cf9f073'), 'summonerId': 'FeNzqi6KmJT7TNaPgXIK0nmH7wYAfwfk0kSp9l1LdLfpBfVTEF6Z9mksnQ', 'leaguePoints': 1314, 'rank': 'I', 'wins': 114, 'losses': 57, 'veteran': False, 'inactive': False, 'freshBlood': False, 'hotStreak': False, 'tier': 'CHALLENGER', 'player_ids_data': {'_id': ObjectId('6714b6690ca3b17a9a7afcc4'), 'id': 'FeNzqi6KmJT7TNaPgXIK0nmH7wYAfwfk0kSp9l1LdLfpBfVTEF6Z9mksnQ', 'accountId': 'WURsoTHj2uAeiE5IFgGCwG2gtJ3t5wz7b4bbFY10MdyztYzLWzpJ2l0F', 'puuid': 'zn1JhY51h46Em3p6a4b13m-S8krnh37-nA2PE7vuEhijojMf3N8l3X_pyx-lvHGfTjsbhCpn6YZh_w', 'profileIconId': 3494, 'revisionDate': 1729401176986, 'summonerLevel': 108, 'gameName': 'divine maple', 'tagLine': 'goat'}, 'player_summarized_stats_data': {'_id': 'zn1JhY51h46Em3p6a4b13m-S8krnh37-nA2PE7vuEhijojMf3N8l3X_pyx-lvHGfTjsbhCpn6YZh_w', 'average_kills': 7.338028169014085, 'average_deaths': 4.929577464788732, 'average_assists': 4.316901408450704, 'match_count': 142, 'average_win_rate': 0.6549295774647887}}]
2024-10-20 17:28:50 - INFO - returned data length: 1625
2024-10-20 17:28:50 - INFO - END ROUTE: /api/ladder
2024-10-20 17:28:50 - INFO - returned data sample: [{'_id': ObjectId('6714916c88a0b1c98cf9f073'), 'summonerId': 'FeNzqi6KmJT7TNaPgXIK0nmH7wYAfwfk0kSp9l1LdLfpBfVTEF6Z9mksnQ', 'leaguePoints': 1314, 'rank': 'I', 'wins': 114, 'losses': 57, 'veteran': False, 'inactive': False, 'freshBlood': False, 'hotStreak': False, 'tier': 'CHALLENGER', 'player_ids_data': {'_id': ObjectId('6714b6690ca3b17a9a7afcc4'), 'id': 'FeNzqi6KmJT7TNaPgXIK0nmH7wYAfwfk0kSp9l1LdLfpBfVTEF6Z9mksnQ', 'accountId': 'WURsoTHj2uAeiE5IFgGCwG2gtJ3t5wz7b4bbFY10MdyztYzLWzpJ2l0F', 'puuid': 'zn1JhY51h46Em3p6a4b13m-S8krnh37-nA2PE7vuEhijojMf3N8l3X_pyx-lvHGfTjsbhCpn6YZh_w', 'profileIconId': 3494, 'revisionDate': 1729401176986, 'summonerLevel': 108, 'gameName': 'divine maple', 'tagLine': 'goat'}, 'player_summarized_stats_data': {'_id': 'zn1JhY51h46Em3p6a4b13m-S8krnh37-nA2PE7vuEhijojMf3N8l3X_pyx-lvHGfTjsbhCpn6YZh_w', 'average_kills': 7.338028169014085, 'average_deaths': 4.929577464788732, 'average_assists': 4.316901408450704, 'match_count': 142, 'average_win_rate': 0.6549295774647887}}]
2024-10-20 17:28:50 - INFO - returned data length: 1625
2024-10-20 17:28:50 - INFO - END ROUTE: /api/ladder
2024-10-20 17:29:10 - INFO - START ROUTE: /api/ladder
2024-10-20 17:29:10 - INFO - START ROUTE: /api/ladder
2024-10-20 17:29:10 - INFO - returned data sample: [{'_id': ObjectId('6714916c88a0b1c98cf9f073'), 'summonerId': 'FeNzqi6KmJT7TNaPgXIK0nmH7wYAfwfk0kSp9l1LdLfpBfVTEF6Z9mksnQ', 'leaguePoints': 1314, 'rank': 'I', 'wins': 114, 'losses': 57, 'veteran': False, 'inactive': False, 'freshBlood': False, 'hotStreak': False, 'tier': 'CHALLENGER', 'player_ids_data': {'_id': ObjectId('6714b6690ca3b17a9a7afcc4'), 'id': 'FeNzqi6KmJT7TNaPgXIK0nmH7wYAfwfk0kSp9l1LdLfpBfVTEF6Z9mksnQ', 'accountId': 'WURsoTHj2uAeiE5IFgGCwG2gtJ3t5wz7b4bbFY10MdyztYzLWzpJ2l0F', 'puuid': 'zn1JhY51h46Em3p6a4b13m-S8krnh37-nA2PE7vuEhijojMf3N8l3X_pyx-lvHGfTjsbhCpn6YZh_w', 'profileIconId': 3494, 'revisionDate': 1729401176986, 'summonerLevel': 108, 'gameName': 'divine maple', 'tagLine': 'goat'}, 'player_summarized_stats_data': {'_id': 'zn1JhY51h46Em3p6a4b13m-S8krnh37-nA2PE7vuEhijojMf3N8l3X_pyx-lvHGfTjsbhCpn6YZh_w', 'average_kills': 7.338028169014085, 'average_deaths': 4.929577464788732, 'average_assists': 4.316901408450704, 'match_count': 142, 'average_win_rate': 0.6549295774647887}}]
2024-10-20 17:29:10 - INFO - returned data length: 1625
2024-10-20 17:29:10 - INFO - END ROUTE: /api/ladder
2024-10-20 17:29:10 - INFO - returned data sample: [{'_id': ObjectId('6714916c88a0b1c98cf9f073'), 'summonerId': 'FeNzqi6KmJT7TNaPgXIK0nmH7wYAfwfk0kSp9l1LdLfpBfVTEF6Z9mksnQ', 'leaguePoints': 1314, 'rank': 'I', 'wins': 114, 'losses': 57, 'veteran': False, 'inactive': False, 'freshBlood': False, 'hotStreak': False, 'tier': 'CHALLENGER', 'player_ids_data': {'_id': ObjectId('6714b6690ca3b17a9a7afcc4'), 'id': 'FeNzqi6KmJT7TNaPgXIK0nmH7wYAfwfk0kSp9l1LdLfpBfVTEF6Z9mksnQ', 'accountId': 'WURsoTHj2uAeiE5IFgGCwG2gtJ3t5wz7b4bbFY10MdyztYzLWzpJ2l0F', 'puuid': 'zn1JhY51h46Em3p6a4b13m-S8krnh37-nA2PE7vuEhijojMf3N8l3X_pyx-lvHGfTjsbhCpn6YZh_w', 'profileIconId': 3494, 'revisionDate': 1729401176986, 'summonerLevel': 108, 'gameName': 'divine maple', 'tagLine': 'goat'}, 'player_summarized_stats_data': {'_id': 'zn1JhY51h46Em3p6a4b13m-S8krnh37-nA2PE7vuEhijojMf3N8l3X_pyx-lvHGfTjsbhCpn6YZh_w', 'average_kills': 7.338028169014085, 'average_deaths': 4.929577464788732, 'average_assists': 4.316901408450704, 'match_count': 142, 'average_win_rate': 0.6549295774647887}}]
2024-10-20 17:29:10 - INFO - returned data length: 1625
2024-10-20 17:29:10 - INFO - END ROUTE: /api/ladder
2024-10-20 17:29:10 - INFO - START ROUTE: /api/ladder
2024-10-20 17:29:10 - INFO - START ROUTE: /api/ladder
2024-10-20 17:29:10 - INFO - returned data sample: [{'_id': ObjectId('6714916c88a0b1c98cf9f073'), 'summonerId': 'FeNzqi6KmJT7TNaPgXIK0nmH7wYAfwfk0kSp9l1LdLfpBfVTEF6Z9mksnQ', 'leaguePoints': 1314, 'rank': 'I', 'wins': 114, 'losses': 57, 'veteran': False, 'inactive': False, 'freshBlood': False, 'hotStreak': False, 'tier': 'CHALLENGER', 'player_ids_data': {'_id': ObjectId('6714b6690ca3b17a9a7afcc4'), 'id': 'FeNzqi6KmJT7TNaPgXIK0nmH7wYAfwfk0kSp9l1LdLfpBfVTEF6Z9mksnQ', 'accountId': 'WURsoTHj2uAeiE5IFgGCwG2gtJ3t5wz7b4bbFY10MdyztYzLWzpJ2l0F', 'puuid': 'zn1JhY51h46Em3p6a4b13m-S8krnh37-nA2PE7vuEhijojMf3N8l3X_pyx-lvHGfTjsbhCpn6YZh_w', 'profileIconId': 3494, 'revisionDate': 1729401176986, 'summonerLevel': 108, 'gameName': 'divine maple', 'tagLine': 'goat'}, 'player_summarized_stats_data': {'_id': 'zn1JhY51h46Em3p6a4b13m-S8krnh37-nA2PE7vuEhijojMf3N8l3X_pyx-lvHGfTjsbhCpn6YZh_w', 'average_kills': 7.338028169014085, 'average_deaths': 4.929577464788732, 'average_assists': 4.316901408450704, 'match_count': 142, 'average_win_rate': 0.6549295774647887}}]
2024-10-20 17:29:10 - INFO - returned data length: 1625
2024-10-20 17:29:10 - INFO - END ROUTE: /api/ladder
2024-10-20 17:29:10 - INFO - returned data sample: [{'_id': ObjectId('6714916c88a0b1c98cf9f073'), 'summonerId': 'FeNzqi6KmJT7TNaPgXIK0nmH7wYAfwfk0kSp9l1LdLfpBfVTEF6Z9mksnQ', 'leaguePoints': 1314, 'rank': 'I', 'wins': 114, 'losses': 57, 'veteran': False, 'inactive': False, 'freshBlood': False, 'hotStreak': False, 'tier': 'CHALLENGER', 'player_ids_data': {'_id': ObjectId('6714b6690ca3b17a9a7afcc4'), 'id': 'FeNzqi6KmJT7TNaPgXIK0nmH7wYAfwfk0kSp9l1LdLfpBfVTEF6Z9mksnQ', 'accountId': 'WURsoTHj2uAeiE5IFgGCwG2gtJ3t5wz7b4bbFY10MdyztYzLWzpJ2l0F', 'puuid': 'zn1JhY51h46Em3p6a4b13m-S8krnh37-nA2PE7vuEhijojMf3N8l3X_pyx-lvHGfTjsbhCpn6YZh_w', 'profileIconId': 3494, 'revisionDate': 1729401176986, 'summonerLevel': 108, 'gameName': 'divine maple', 'tagLine': 'goat'}, 'player_summarized_stats_data': {'_id': 'zn1JhY51h46Em3p6a4b13m-S8krnh37-nA2PE7vuEhijojMf3N8l3X_pyx-lvHGfTjsbhCpn6YZh_w', 'average_kills': 7.338028169014085, 'average_deaths': 4.929577464788732, 'average_assists': 4.316901408450704, 'match_count': 142, 'average_win_rate': 0.6549295774647887}}]
2024-10-20 17:29:10 - INFO - returned data length: 1625
2024-10-20 17:29:10 - INFO - END ROUTE: /api/ladder
2024-10-20 17:29:28 - INFO - START ROUTE: /api/ladder
2024-10-20 17:29:28 - INFO - START ROUTE: /api/ladder
2024-10-20 17:29:28 - INFO - returned data sample: [{'_id': ObjectId('6714916c88a0b1c98cf9f073'), 'summonerId': 'FeNzqi6KmJT7TNaPgXIK0nmH7wYAfwfk0kSp9l1LdLfpBfVTEF6Z9mksnQ', 'leaguePoints': 1314, 'rank': 'I', 'wins': 114, 'losses': 57, 'veteran': False, 'inactive': False, 'freshBlood': False, 'hotStreak': False, 'tier': 'CHALLENGER', 'player_ids_data': {'_id': ObjectId('6714b6690ca3b17a9a7afcc4'), 'id': 'FeNzqi6KmJT7TNaPgXIK0nmH7wYAfwfk0kSp9l1LdLfpBfVTEF6Z9mksnQ', 'accountId': 'WURsoTHj2uAeiE5IFgGCwG2gtJ3t5wz7b4bbFY10MdyztYzLWzpJ2l0F', 'puuid': 'zn1JhY51h46Em3p6a4b13m-S8krnh37-nA2PE7vuEhijojMf3N8l3X_pyx-lvHGfTjsbhCpn6YZh_w', 'profileIconId': 3494, 'revisionDate': 1729401176986, 'summonerLevel': 108, 'gameName': 'divine maple', 'tagLine': 'goat'}, 'player_summarized_stats_data': {'_id': 'zn1JhY51h46Em3p6a4b13m-S8krnh37-nA2PE7vuEhijojMf3N8l3X_pyx-lvHGfTjsbhCpn6YZh_w', 'average_kills': 7.338028169014085, 'average_deaths': 4.929577464788732, 'average_assists': 4.316901408450704, 'match_count': 142, 'average_win_rate': 0.6549295774647887}}]
2024-10-20 17:29:28 - INFO - returned data length: 1625
2024-10-20 17:29:28 - INFO - END ROUTE: /api/ladder
2024-10-20 17:29:28 - INFO - returned data sample: [{'_id': ObjectId('6714916c88a0b1c98cf9f073'), 'summonerId': 'FeNzqi6KmJT7TNaPgXIK0nmH7wYAfwfk0kSp9l1LdLfpBfVTEF6Z9mksnQ', 'leaguePoints': 1314, 'rank': 'I', 'wins': 114, 'losses': 57, 'veteran': False, 'inactive': False, 'freshBlood': False, 'hotStreak': False, 'tier': 'CHALLENGER', 'player_ids_data': {'_id': ObjectId('6714b6690ca3b17a9a7afcc4'), 'id': 'FeNzqi6KmJT7TNaPgXIK0nmH7wYAfwfk0kSp9l1LdLfpBfVTEF6Z9mksnQ', 'accountId': 'WURsoTHj2uAeiE5IFgGCwG2gtJ3t5wz7b4bbFY10MdyztYzLWzpJ2l0F', 'puuid': 'zn1JhY51h46Em3p6a4b13m-S8krnh37-nA2PE7vuEhijojMf3N8l3X_pyx-lvHGfTjsbhCpn6YZh_w', 'profileIconId': 3494, 'revisionDate': 1729401176986, 'summonerLevel': 108, 'gameName': 'divine maple', 'tagLine': 'goat'}, 'player_summarized_stats_data': {'_id': 'zn1JhY51h46Em3p6a4b13m-S8krnh37-nA2PE7vuEhijojMf3N8l3X_pyx-lvHGfTjsbhCpn6YZh_w', 'average_kills': 7.338028169014085, 'average_deaths': 4.929577464788732, 'average_assists': 4.316901408450704, 'match_count': 142, 'average_win_rate': 0.6549295774647887}}]
2024-10-20 17:29:28 - INFO - returned data length: 1625
2024-10-20 17:29:28 - INFO - END ROUTE: /api/ladder
2024-10-20 17:29:43 - INFO - START ROUTE: /api/ladder
2024-10-20 17:29:43 - INFO - START ROUTE: /api/ladder
2024-10-20 17:29:43 - INFO - returned data sample: [{'_id': ObjectId('6714916c88a0b1c98cf9f073'), 'summonerId': 'FeNzqi6KmJT7TNaPgXIK0nmH7wYAfwfk0kSp9l1LdLfpBfVTEF6Z9mksnQ', 'leaguePoints': 1314, 'rank': 'I', 'wins': 114, 'losses': 57, 'veteran': False, 'inactive': False, 'freshBlood': False, 'hotStreak': False, 'tier': 'CHALLENGER', 'player_ids_data': {'_id': ObjectId('6714b6690ca3b17a9a7afcc4'), 'id': 'FeNzqi6KmJT7TNaPgXIK0nmH7wYAfwfk0kSp9l1LdLfpBfVTEF6Z9mksnQ', 'accountId': 'WURsoTHj2uAeiE5IFgGCwG2gtJ3t5wz7b4bbFY10MdyztYzLWzpJ2l0F', 'puuid': 'zn1JhY51h46Em3p6a4b13m-S8krnh37-nA2PE7vuEhijojMf3N8l3X_pyx-lvHGfTjsbhCpn6YZh_w', 'profileIconId': 3494, 'revisionDate': 1729401176986, 'summonerLevel': 108, 'gameName': 'divine maple', 'tagLine': 'goat'}, 'player_summarized_stats_data': {'_id': 'zn1JhY51h46Em3p6a4b13m-S8krnh37-nA2PE7vuEhijojMf3N8l3X_pyx-lvHGfTjsbhCpn6YZh_w', 'average_kills': 7.338028169014085, 'average_deaths': 4.929577464788732, 'average_assists': 4.316901408450704, 'match_count': 142, 'average_win_rate': 0.6549295774647887}}]
2024-10-20 17:29:43 - INFO - returned data length: 1625
2024-10-20 17:29:43 - INFO - END ROUTE: /api/ladder
2024-10-20 17:29:43 - INFO - returned data sample: [{'_id': ObjectId('6714916c88a0b1c98cf9f073'), 'summonerId': 'FeNzqi6KmJT7TNaPgXIK0nmH7wYAfwfk0kSp9l1LdLfpBfVTEF6Z9mksnQ', 'leaguePoints': 1314, 'rank': 'I', 'wins': 114, 'losses': 57, 'veteran': False, 'inactive': False, 'freshBlood': False, 'hotStreak': False, 'tier': 'CHALLENGER', 'player_ids_data': {'_id': ObjectId('6714b6690ca3b17a9a7afcc4'), 'id': 'FeNzqi6KmJT7TNaPgXIK0nmH7wYAfwfk0kSp9l1LdLfpBfVTEF6Z9mksnQ', 'accountId': 'WURsoTHj2uAeiE5IFgGCwG2gtJ3t5wz7b4bbFY10MdyztYzLWzpJ2l0F', 'puuid': 'zn1JhY51h46Em3p6a4b13m-S8krnh37-nA2PE7vuEhijojMf3N8l3X_pyx-lvHGfTjsbhCpn6YZh_w', 'profileIconId': 3494, 'revisionDate': 1729401176986, 'summonerLevel': 108, 'gameName': 'divine maple', 'tagLine': 'goat'}, 'player_summarized_stats_data': {'_id': 'zn1JhY51h46Em3p6a4b13m-S8krnh37-nA2PE7vuEhijojMf3N8l3X_pyx-lvHGfTjsbhCpn6YZh_w', 'average_kills': 7.338028169014085, 'average_deaths': 4.929577464788732, 'average_assists': 4.316901408450704, 'match_count': 142, 'average_win_rate': 0.6549295774647887}}]
2024-10-20 17:29:43 - INFO - returned data length: 1625
2024-10-20 17:29:43 - INFO - END ROUTE: /api/ladder
2024-10-20 17:31:51 - INFO - START ROUTE: /api/ladder
2024-10-20 17:31:51 - INFO - START ROUTE: /api/ladder
2024-10-20 17:31:51 - INFO - returned data sample: [{'_id': ObjectId('6714916c88a0b1c98cf9f073'), 'summonerId': 'FeNzqi6KmJT7TNaPgXIK0nmH7wYAfwfk0kSp9l1LdLfpBfVTEF6Z9mksnQ', 'leaguePoints': 1314, 'rank': 'I', 'wins': 114, 'losses': 57, 'veteran': False, 'inactive': False, 'freshBlood': False, 'hotStreak': False, 'tier': 'CHALLENGER', 'player_ids_data': {'_id': ObjectId('6714b6690ca3b17a9a7afcc4'), 'id': 'FeNzqi6KmJT7TNaPgXIK0nmH7wYAfwfk0kSp9l1LdLfpBfVTEF6Z9mksnQ', 'accountId': 'WURsoTHj2uAeiE5IFgGCwG2gtJ3t5wz7b4bbFY10MdyztYzLWzpJ2l0F', 'puuid': 'zn1JhY51h46Em3p6a4b13m-S8krnh37-nA2PE7vuEhijojMf3N8l3X_pyx-lvHGfTjsbhCpn6YZh_w', 'profileIconId': 3494, 'revisionDate': 1729401176986, 'summonerLevel': 108, 'gameName': 'divine maple', 'tagLine': 'goat'}, 'player_summarized_stats_data': {'_id': 'zn1JhY51h46Em3p6a4b13m-S8krnh37-nA2PE7vuEhijojMf3N8l3X_pyx-lvHGfTjsbhCpn6YZh_w', 'average_kills': 7.338028169014085, 'average_deaths': 4.929577464788732, 'average_assists': 4.316901408450704, 'match_count': 142, 'average_win_rate': 0.6549295774647887}}]
2024-10-20 17:31:51 - INFO - returned data length: 1625
2024-10-20 17:31:51 - INFO - END ROUTE: /api/ladder
2024-10-20 17:31:51 - INFO - returned data sample: [{'_id': ObjectId('6714916c88a0b1c98cf9f073'), 'summonerId': 'FeNzqi6KmJT7TNaPgXIK0nmH7wYAfwfk0kSp9l1LdLfpBfVTEF6Z9mksnQ', 'leaguePoints': 1314, 'rank': 'I', 'wins': 114, 'losses': 57, 'veteran': False, 'inactive': False, 'freshBlood': False, 'hotStreak': False, 'tier': 'CHALLENGER', 'player_ids_data': {'_id': ObjectId('6714b6690ca3b17a9a7afcc4'), 'id': 'FeNzqi6KmJT7TNaPgXIK0nmH7wYAfwfk0kSp9l1LdLfpBfVTEF6Z9mksnQ', 'accountId': 'WURsoTHj2uAeiE5IFgGCwG2gtJ3t5wz7b4bbFY10MdyztYzLWzpJ2l0F', 'puuid': 'zn1JhY51h46Em3p6a4b13m-S8krnh37-nA2PE7vuEhijojMf3N8l3X_pyx-lvHGfTjsbhCpn6YZh_w', 'profileIconId': 3494, 'revisionDate': 1729401176986, 'summonerLevel': 108, 'gameName': 'divine maple', 'tagLine': 'goat'}, 'player_summarized_stats_data': {'_id': 'zn1JhY51h46Em3p6a4b13m-S8krnh37-nA2PE7vuEhijojMf3N8l3X_pyx-lvHGfTjsbhCpn6YZh_w', 'average_kills': 7.338028169014085, 'average_deaths': 4.929577464788732, 'average_assists': 4.316901408450704, 'match_count': 142, 'average_win_rate': 0.6549295774647887}}]
2024-10-20 17:31:51 - INFO - returned data length: 1625
2024-10-20 17:31:51 - INFO - END ROUTE: /api/ladder
2024-10-20 17:32:40 - INFO - START ROUTE: /api/ladder
2024-10-20 17:32:41 - INFO - START ROUTE: /api/ladder
2024-10-20 17:32:41 - INFO - returned data sample: [{'_id': ObjectId('6714916c88a0b1c98cf9f073'), 'summonerId': 'FeNzqi6KmJT7TNaPgXIK0nmH7wYAfwfk0kSp9l1LdLfpBfVTEF6Z9mksnQ', 'leaguePoints': 1314, 'rank': 'I', 'wins': 114, 'losses': 57, 'veteran': False, 'inactive': False, 'freshBlood': False, 'hotStreak': False, 'tier': 'CHALLENGER', 'player_ids_data': {'_id': ObjectId('6714b6690ca3b17a9a7afcc4'), 'id': 'FeNzqi6KmJT7TNaPgXIK0nmH7wYAfwfk0kSp9l1LdLfpBfVTEF6Z9mksnQ', 'accountId': 'WURsoTHj2uAeiE5IFgGCwG2gtJ3t5wz7b4bbFY10MdyztYzLWzpJ2l0F', 'puuid': 'zn1JhY51h46Em3p6a4b13m-S8krnh37-nA2PE7vuEhijojMf3N8l3X_pyx-lvHGfTjsbhCpn6YZh_w', 'profileIconId': 3494, 'revisionDate': 1729401176986, 'summonerLevel': 108, 'gameName': 'divine maple', 'tagLine': 'goat'}, 'player_summarized_stats_data': {'_id': 'zn1JhY51h46Em3p6a4b13m-S8krnh37-nA2PE7vuEhijojMf3N8l3X_pyx-lvHGfTjsbhCpn6YZh_w', 'average_kills': 7.338028169014085, 'average_deaths': 4.929577464788732, 'average_assists': 4.316901408450704, 'match_count': 142, 'average_win_rate': 0.6549295774647887}}]
2024-10-20 17:32:41 - INFO - returned data length: 1625
2024-10-20 17:32:41 - INFO - END ROUTE: /api/ladder
2024-10-20 17:32:41 - INFO - returned data sample: [{'_id': ObjectId('6714916c88a0b1c98cf9f073'), 'summonerId': 'FeNzqi6KmJT7TNaPgXIK0nmH7wYAfwfk0kSp9l1LdLfpBfVTEF6Z9mksnQ', 'leaguePoints': 1314, 'rank': 'I', 'wins': 114, 'losses': 57, 'veteran': False, 'inactive': False, 'freshBlood': False, 'hotStreak': False, 'tier': 'CHALLENGER', 'player_ids_data': {'_id': ObjectId('6714b6690ca3b17a9a7afcc4'), 'id': 'FeNzqi6KmJT7TNaPgXIK0nmH7wYAfwfk0kSp9l1LdLfpBfVTEF6Z9mksnQ', 'accountId': 'WURsoTHj2uAeiE5IFgGCwG2gtJ3t5wz7b4bbFY10MdyztYzLWzpJ2l0F', 'puuid': 'zn1JhY51h46Em3p6a4b13m-S8krnh37-nA2PE7vuEhijojMf3N8l3X_pyx-lvHGfTjsbhCpn6YZh_w', 'profileIconId': 3494, 'revisionDate': 1729401176986, 'summonerLevel': 108, 'gameName': 'divine maple', 'tagLine': 'goat'}, 'player_summarized_stats_data': {'_id': 'zn1JhY51h46Em3p6a4b13m-S8krnh37-nA2PE7vuEhijojMf3N8l3X_pyx-lvHGfTjsbhCpn6YZh_w', 'average_kills': 7.338028169014085, 'average_deaths': 4.929577464788732, 'average_assists': 4.316901408450704, 'match_count': 142, 'average_win_rate': 0.6549295774647887}}]
2024-10-20 17:32:41 - INFO - returned data length: 1625
2024-10-20 17:32:41 - INFO - END ROUTE: /api/ladder
2024-10-20 17:37:08 - INFO - START ROUTE: /api/ladder
2024-10-20 17:37:08 - INFO - START ROUTE: /api/ladder
2024-10-20 17:37:08 - INFO - returned data sample: [{'_id': ObjectId('6714916c88a0b1c98cf9f073'), 'summonerId': 'FeNzqi6KmJT7TNaPgXIK0nmH7wYAfwfk0kSp9l1LdLfpBfVTEF6Z9mksnQ', 'leaguePoints': 1314, 'rank': 'I', 'wins': 114, 'losses': 57, 'veteran': False, 'inactive': False, 'freshBlood': False, 'hotStreak': False, 'tier': 'CHALLENGER', 'player_ids_data': {'_id': ObjectId('6714b6690ca3b17a9a7afcc4'), 'id': 'FeNzqi6KmJT7TNaPgXIK0nmH7wYAfwfk0kSp9l1LdLfpBfVTEF6Z9mksnQ', 'accountId': 'WURsoTHj2uAeiE5IFgGCwG2gtJ3t5wz7b4bbFY10MdyztYzLWzpJ2l0F', 'puuid': 'zn1JhY51h46Em3p6a4b13m-S8krnh37-nA2PE7vuEhijojMf3N8l3X_pyx-lvHGfTjsbhCpn6YZh_w', 'profileIconId': 3494, 'revisionDate': 1729401176986, 'summonerLevel': 108, 'gameName': 'divine maple', 'tagLine': 'goat'}, 'player_summarized_stats_data': {'_id': 'zn1JhY51h46Em3p6a4b13m-S8krnh37-nA2PE7vuEhijojMf3N8l3X_pyx-lvHGfTjsbhCpn6YZh_w', 'average_kills': 7.338028169014085, 'average_deaths': 4.929577464788732, 'average_assists': 4.316901408450704, 'match_count': 142, 'average_win_rate': 0.6549295774647887}}]
2024-10-20 17:37:08 - INFO - returned data length: 1625
2024-10-20 17:37:08 - INFO - END ROUTE: /api/ladder
2024-10-20 17:37:08 - INFO - returned data sample: [{'_id': ObjectId('6714916c88a0b1c98cf9f073'), 'summonerId': 'FeNzqi6KmJT7TNaPgXIK0nmH7wYAfwfk0kSp9l1LdLfpBfVTEF6Z9mksnQ', 'leaguePoints': 1314, 'rank': 'I', 'wins': 114, 'losses': 57, 'veteran': False, 'inactive': False, 'freshBlood': False, 'hotStreak': False, 'tier': 'CHALLENGER', 'player_ids_data': {'_id': ObjectId('6714b6690ca3b17a9a7afcc4'), 'id': 'FeNzqi6KmJT7TNaPgXIK0nmH7wYAfwfk0kSp9l1LdLfpBfVTEF6Z9mksnQ', 'accountId': 'WURsoTHj2uAeiE5IFgGCwG2gtJ3t5wz7b4bbFY10MdyztYzLWzpJ2l0F', 'puuid': 'zn1JhY51h46Em3p6a4b13m-S8krnh37-nA2PE7vuEhijojMf3N8l3X_pyx-lvHGfTjsbhCpn6YZh_w', 'profileIconId': 3494, 'revisionDate': 1729401176986, 'summonerLevel': 108, 'gameName': 'divine maple', 'tagLine': 'goat'}, 'player_summarized_stats_data': {'_id': 'zn1JhY51h46Em3p6a4b13m-S8krnh37-nA2PE7vuEhijojMf3N8l3X_pyx-lvHGfTjsbhCpn6YZh_w', 'average_kills': 7.338028169014085, 'average_deaths': 4.929577464788732, 'average_assists': 4.316901408450704, 'match_count': 142, 'average_win_rate': 0.6549295774647887}}]
2024-10-20 17:37:08 - INFO - returned data length: 1625
2024-10-20 17:37:08 - INFO - END ROUTE: /api/ladder
2024-10-20 17:45:13 - INFO - START ROUTE: /api/ladder
2024-10-20 17:45:13 - INFO - START ROUTE: /api/ladder
2024-10-20 17:45:13 - INFO - returned data sample: [{'_id': ObjectId('6714916c88a0b1c98cf9f073'), 'summonerId': 'FeNzqi6KmJT7TNaPgXIK0nmH7wYAfwfk0kSp9l1LdLfpBfVTEF6Z9mksnQ', 'leaguePoints': 1314, 'rank': 'I', 'wins': 114, 'losses': 57, 'veteran': False, 'inactive': False, 'freshBlood': False, 'hotStreak': False, 'tier': 'CHALLENGER', 'player_ids_data': {'_id': ObjectId('6714b6690ca3b17a9a7afcc4'), 'id': 'FeNzqi6KmJT7TNaPgXIK0nmH7wYAfwfk0kSp9l1LdLfpBfVTEF6Z9mksnQ', 'accountId': 'WURsoTHj2uAeiE5IFgGCwG2gtJ3t5wz7b4bbFY10MdyztYzLWzpJ2l0F', 'puuid': 'zn1JhY51h46Em3p6a4b13m-S8krnh37-nA2PE7vuEhijojMf3N8l3X_pyx-lvHGfTjsbhCpn6YZh_w', 'profileIconId': 3494, 'revisionDate': 1729401176986, 'summonerLevel': 108, 'gameName': 'divine maple', 'tagLine': 'goat'}, 'player_summarized_stats_data': {'_id': 'zn1JhY51h46Em3p6a4b13m-S8krnh37-nA2PE7vuEhijojMf3N8l3X_pyx-lvHGfTjsbhCpn6YZh_w', 'average_kills': 7.338028169014085, 'average_deaths': 4.929577464788732, 'average_assists': 4.316901408450704, 'match_count': 142, 'average_win_rate': 0.6549295774647887}}]
2024-10-20 17:45:13 - INFO - returned data length: 1625
2024-10-20 17:45:13 - INFO - END ROUTE: /api/ladder
2024-10-20 17:45:13 - INFO - returned data sample: [{'_id': ObjectId('6714916c88a0b1c98cf9f073'), 'summonerId': 'FeNzqi6KmJT7TNaPgXIK0nmH7wYAfwfk0kSp9l1LdLfpBfVTEF6Z9mksnQ', 'leaguePoints': 1314, 'rank': 'I', 'wins': 114, 'losses': 57, 'veteran': False, 'inactive': False, 'freshBlood': False, 'hotStreak': False, 'tier': 'CHALLENGER', 'player_ids_data': {'_id': ObjectId('6714b6690ca3b17a9a7afcc4'), 'id': 'FeNzqi6KmJT7TNaPgXIK0nmH7wYAfwfk0kSp9l1LdLfpBfVTEF6Z9mksnQ', 'accountId': 'WURsoTHj2uAeiE5IFgGCwG2gtJ3t5wz7b4bbFY10MdyztYzLWzpJ2l0F', 'puuid': 'zn1JhY51h46Em3p6a4b13m-S8krnh37-nA2PE7vuEhijojMf3N8l3X_pyx-lvHGfTjsbhCpn6YZh_w', 'profileIconId': 3494, 'revisionDate': 1729401176986, 'summonerLevel': 108, 'gameName': 'divine maple', 'tagLine': 'goat'}, 'player_summarized_stats_data': {'_id': 'zn1JhY51h46Em3p6a4b13m-S8krnh37-nA2PE7vuEhijojMf3N8l3X_pyx-lvHGfTjsbhCpn6YZh_w', 'average_kills': 7.338028169014085, 'average_deaths': 4.929577464788732, 'average_assists': 4.316901408450704, 'match_count': 142, 'average_win_rate': 0.6549295774647887}}]
2024-10-20 17:45:13 - INFO - returned data length: 1625
2024-10-20 17:45:13 - INFO - END ROUTE: /api/ladder
2024-10-20 17:45:49 - INFO - START ROUTE: /api/ladder
2024-10-20 17:45:49 - INFO - START ROUTE: /api/ladder
2024-10-20 17:45:49 - INFO - returned data sample: [{'leaguePoints': 1314, 'tier': 'CHALLENGER', 'player_ids_data': {'profileIconId': 3494, 'gameName': 'divine maple', 'tagLine': 'goat'}, 'player_summarized_stats_data': {'average_win_rate': 0.6549295774647887}}]
2024-10-20 17:45:49 - INFO - returned data length: 1625
2024-10-20 17:45:49 - INFO - END ROUTE: /api/ladder
2024-10-20 17:45:49 - INFO - returned data sample: [{'leaguePoints': 1314, 'tier': 'CHALLENGER', 'player_ids_data': {'profileIconId': 3494, 'gameName': 'divine maple', 'tagLine': 'goat'}, 'player_summarized_stats_data': {'average_win_rate': 0.6549295774647887}}]
2024-10-20 17:45:49 - INFO - returned data length: 1625
2024-10-20 17:45:49 - INFO - END ROUTE: /api/ladder
2024-10-20 17:48:19 - INFO - START ROUTE: /api/ladder
2024-10-20 17:48:19 - INFO - START ROUTE: /api/ladder
2024-10-20 17:48:19 - INFO - returned data sample: [{'leaguePoints': 1314, 'tier': 'CHALLENGER', 'player_ids_data': {'profileIconId': 3494, 'gameName': 'divine maple', 'tagLine': 'goat'}, 'player_summarized_stats_data': {'average_win_rate': 0.6549295774647887}}]
2024-10-20 17:48:19 - INFO - returned data length: 1625
2024-10-20 17:48:19 - INFO - END ROUTE: /api/ladder
2024-10-20 17:48:19 - INFO - returned data sample: [{'leaguePoints': 1314, 'tier': 'CHALLENGER', 'player_ids_data': {'profileIconId': 3494, 'gameName': 'divine maple', 'tagLine': 'goat'}, 'player_summarized_stats_data': {'average_win_rate': 0.6549295774647887}}]
2024-10-20 17:48:19 - INFO - returned data length: 1625
2024-10-20 17:48:19 - INFO - END ROUTE: /api/ladder
2024-10-20 17:48:20 - INFO - START ROUTE: /api/ladder
2024-10-20 17:48:20 - INFO - returned data sample: [{'leaguePoints': 1314, 'tier': 'CHALLENGER', 'player_ids_data': {'profileIconId': 3494, 'gameName': 'divine maple', 'tagLine': 'goat'}, 'player_summarized_stats_data': {'average_win_rate': 0.6549295774647887}}]
2024-10-20 17:48:20 - INFO - returned data length: 1625
2024-10-20 17:48:20 - INFO - END ROUTE: /api/ladder
2024-10-20 18:10:59 - INFO - START ROUTE: /api/ladder
2024-10-20 18:10:59 - INFO - START ROUTE: /api/ladder
2024-10-20 18:10:59 - INFO - returned data sample: [{'leaguePoints': 1314, 'tier': 'CHALLENGER', 'player_ids_data': {'profileIconId': 3494, 'gameName': 'divine maple', 'tagLine': 'goat'}, 'player_summarized_stats_data': {'average_win_rate': 0.6549295774647887}}]
2024-10-20 18:10:59 - INFO - returned data length: 1625
2024-10-20 18:10:59 - INFO - END ROUTE: /api/ladder
2024-10-20 18:10:59 - INFO - returned data sample: [{'leaguePoints': 1314, 'tier': 'CHALLENGER', 'player_ids_data': {'profileIconId': 3494, 'gameName': 'divine maple', 'tagLine': 'goat'}, 'player_summarized_stats_data': {'average_win_rate': 0.6549295774647887}}]
2024-10-20 18:10:59 - INFO - returned data length: 1625
2024-10-20 18:10:59 - INFO - END ROUTE: /api/ladder
2024-10-20 18:10:59 - INFO - START ROUTE: /api/ladder
2024-10-20 18:10:59 - INFO - START ROUTE: /api/ladder
2024-10-20 18:10:59 - INFO - returned data sample: [{'leaguePoints': 1314, 'tier': 'CHALLENGER', 'player_ids_data': {'profileIconId': 3494, 'gameName': 'divine maple', 'tagLine': 'goat'}, 'player_summarized_stats_data': {'average_win_rate': 0.6549295774647887}}]
2024-10-20 18:10:59 - INFO - returned data length: 1625
2024-10-20 18:10:59 - INFO - END ROUTE: /api/ladder
2024-10-20 18:10:59 - INFO - returned data sample: [{'leaguePoints': 1314, 'tier': 'CHALLENGER', 'player_ids_data': {'profileIconId': 3494, 'gameName': 'divine maple', 'tagLine': 'goat'}, 'player_summarized_stats_data': {'average_win_rate': 0.6549295774647887}}]
2024-10-20 18:10:59 - INFO - returned data length: 1625
2024-10-20 18:10:59 - INFO - END ROUTE: /api/ladder
2024-10-20 18:16:22 - INFO - START ROUTE: /api/ladder
2024-10-20 18:16:23 - INFO - returned data sample: [{'leaguePoints': 1314, 'tier': 'CHALLENGER', 'player_ids_data': {'profileIconId': 3494, 'gameName': 'divine maple', 'tagLine': 'goat'}, 'player_summarized_stats_data': {'average_win_rate': 0.6549295774647887}}]
2024-10-20 18:16:23 - INFO - returned data length: 1625
2024-10-20 18:16:23 - INFO - END ROUTE: /api/ladder
2024-10-20 18:16:23 - INFO - START ROUTE: /api/ladder
2024-10-20 18:16:23 - INFO - returned data sample: [{'leaguePoints': 1314, 'tier': 'CHALLENGER', 'player_ids_data': {'profileIconId': 3494, 'gameName': 'divine maple', 'tagLine': 'goat'}, 'player_summarized_stats_data': {'average_win_rate': 0.6549295774647887}}]
2024-10-20 18:16:23 - INFO - returned data length: 1625
2024-10-20 18:16:23 - INFO - END ROUTE: /api/ladder
2024-10-20 18:17:53 - INFO - START ROUTE: /api/ladder
2024-10-20 18:17:53 - INFO - returned data sample: [{'leaguePoints': 1314, 'tier': 'CHALLENGER', 'player_ids_data': {'profileIconId': 3494, 'gameName': 'divine maple', 'tagLine': 'goat'}, 'player_summarized_stats_data': {'average_win_rate': 0.6549295774647887}}]
2024-10-20 18:17:53 - INFO - returned data length: 1625
2024-10-20 18:17:53 - INFO - END ROUTE: /api/ladder
2024-10-20 18:18:13 - INFO - START ROUTE: /api/ladder
2024-10-20 18:18:13 - INFO - START ROUTE: /api/ladder
2024-10-20 18:18:13 - INFO - returned data sample: [{'leaguePoints': 1314, 'tier': 'CHALLENGER', 'player_ids_data': {'profileIconId': 3494, 'gameName': 'divine maple', 'tagLine': 'goat'}, 'player_summarized_stats_data': {'average_win_rate': 0.6549295774647887}}]
2024-10-20 18:18:13 - INFO - returned data length: 1625
2024-10-20 18:18:13 - INFO - END ROUTE: /api/ladder
2024-10-20 18:18:13 - INFO - returned data sample: [{'leaguePoints': 1314, 'tier': 'CHALLENGER', 'player_ids_data': {'profileIconId': 3494, 'gameName': 'divine maple', 'tagLine': 'goat'}, 'player_summarized_stats_data': {'average_win_rate': 0.6549295774647887}}]
2024-10-20 18:18:13 - INFO - returned data length: 1625
2024-10-20 18:18:13 - INFO - END ROUTE: /api/ladder
2024-10-20 18:18:24 - INFO - START ROUTE: /api/ladder
2024-10-20 18:18:25 - INFO - returned data sample: [{'leaguePoints': 1314, 'tier': 'CHALLENGER', 'player_ids_data': {'profileIconId': 3494, 'gameName': 'divine maple', 'tagLine': 'goat'}, 'player_summarized_stats_data': {'average_win_rate': 0.6549295774647887}}]
2024-10-20 18:18:25 - INFO - returned data length: 1625
2024-10-20 18:18:25 - INFO - END ROUTE: /api/ladder
2024-10-20 18:18:36 - INFO - START ROUTE: /api/ladder
2024-10-20 18:18:36 - INFO - returned data sample: [{'leaguePoints': 1314, 'tier': 'CHALLENGER', 'player_ids_data': {'profileIconId': 3494, 'gameName': 'divine maple', 'tagLine': 'goat'}, 'player_summarized_stats_data': {'average_win_rate': 0.6549295774647887}}]
2024-10-20 18:18:36 - INFO - returned data length: 1625
2024-10-20 18:18:36 - INFO - END ROUTE: /api/ladder
2024-10-20 18:18:36 - INFO - START ROUTE: /api/ladder
2024-10-20 18:18:36 - INFO - returned data sample: [{'leaguePoints': 1314, 'tier': 'CHALLENGER', 'player_ids_data': {'profileIconId': 3494, 'gameName': 'divine maple', 'tagLine': 'goat'}, 'player_summarized_stats_data': {'average_win_rate': 0.6549295774647887}}]
2024-10-20 18:18:36 - INFO - returned data length: 1625
2024-10-20 18:18:36 - INFO - END ROUTE: /api/ladder
2024-10-20 18:22:27 - INFO - START ROUTE: /api/ladder
2024-10-20 18:22:27 - INFO - START ROUTE: /api/ladder
2024-10-20 18:22:27 - INFO - returned data sample: [{'leaguePoints': 1314, 'tier': 'CHALLENGER', 'player_ids_data': {'profileIconId': 3494, 'gameName': 'divine maple', 'tagLine': 'goat'}, 'player_summarized_stats_data': {'average_win_rate': 0.6549295774647887}}]
2024-10-20 18:22:27 - INFO - returned data length: 1625
2024-10-20 18:22:27 - INFO - END ROUTE: /api/ladder
2024-10-20 18:22:27 - INFO - returned data sample: [{'leaguePoints': 1314, 'tier': 'CHALLENGER', 'player_ids_data': {'profileIconId': 3494, 'gameName': 'divine maple', 'tagLine': 'goat'}, 'player_summarized_stats_data': {'average_win_rate': 0.6549295774647887}}]
2024-10-20 18:22:27 - INFO - returned data length: 1625
2024-10-20 18:22:27 - INFO - END ROUTE: /api/ladder
2024-10-20 18:22:56 - INFO - START ROUTE: /api/ladder
2024-10-20 18:22:56 - INFO - returned data sample: [{'leaguePoints': 1314, 'tier': 'CHALLENGER', 'player_ids_data': {'profileIconId': 3494, 'gameName': 'divine maple', 'tagLine': 'goat'}, 'player_summarized_stats_data': {'average_win_rate': 0.6549295774647887}}]
2024-10-20 18:22:56 - INFO - returned data length: 1625
2024-10-20 18:22:56 - INFO - END ROUTE: /api/ladder
2024-10-20 18:22:56 - INFO - START ROUTE: /api/ladder
2024-10-20 18:22:56 - INFO - returned data sample: [{'leaguePoints': 1314, 'tier': 'CHALLENGER', 'player_ids_data': {'profileIconId': 3494, 'gameName': 'divine maple', 'tagLine': 'goat'}, 'player_summarized_stats_data': {'average_win_rate': 0.6549295774647887}}]
2024-10-20 18:22:56 - INFO - returned data length: 1625
2024-10-20 18:22:56 - INFO - END ROUTE: /api/ladder
2024-10-20 18:23:12 - INFO - START ROUTE: /api/ladder
2024-10-20 18:23:12 - INFO - START ROUTE: /api/ladder
2024-10-20 18:23:12 - INFO - returned data sample: [{'leaguePoints': 1314, 'tier': 'CHALLENGER', 'player_ids_data': {'profileIconId': 3494, 'gameName': 'divine maple', 'tagLine': 'goat'}, 'player_summarized_stats_data': {'average_win_rate': 0.6549295774647887}}]
2024-10-20 18:23:12 - INFO - returned data length: 1625
2024-10-20 18:23:12 - INFO - END ROUTE: /api/ladder
2024-10-20 18:23:12 - INFO - returned data sample: [{'leaguePoints': 1314, 'tier': 'CHALLENGER', 'player_ids_data': {'profileIconId': 3494, 'gameName': 'divine maple', 'tagLine': 'goat'}, 'player_summarized_stats_data': {'average_win_rate': 0.6549295774647887}}]
2024-10-20 18:23:12 - INFO - returned data length: 1625
2024-10-20 18:23:12 - INFO - END ROUTE: /api/ladder
2024-10-20 18:58:00 - INFO - START ROUTE: /api/ladder
2024-10-20 18:58:00 - INFO - returned data sample: [{'leaguePoints': 1314, 'tier': 'CHALLENGER', 'player_ids_data': {'profileIconId': 3494, 'gameName': 'divine maple', 'tagLine': 'goat'}, 'player_summarized_stats_data': {'average_win_rate': 0.6549295774647887}}]
2024-10-20 18:58:00 - INFO - returned data length: 1625
2024-10-20 18:58:00 - INFO - END ROUTE: /api/ladder
2024-10-20 18:58:11 - INFO - START ROUTE: /api/ladder
2024-10-20 18:58:11 - INFO - returned data sample: [{'leaguePoints': 1314, 'tier': 'CHALLENGER', 'player_ids_data': {'profileIconId': 3494, 'gameName': 'divine maple', 'tagLine': 'goat'}, 'player_summarized_stats_data': {'average_win_rate': 0.6549295774647887}}]
2024-10-20 18:58:11 - INFO - returned data length: 1625
2024-10-20 18:58:11 - INFO - END ROUTE: /api/ladder
2024-10-20 18:58:16 - INFO - START ROUTE: /api/ladder
2024-10-20 18:58:16 - INFO - START ROUTE: /api/ladder
2024-10-20 18:58:16 - INFO - returned data sample: [{'leaguePoints': 1314, 'tier': 'CHALLENGER', 'player_ids_data': {'profileIconId': 3494, 'gameName': 'divine maple', 'tagLine': 'goat'}, 'player_summarized_stats_data': {'average_win_rate': 0.6549295774647887}}]
2024-10-20 18:58:16 - INFO - returned data length: 1625
2024-10-20 18:58:16 - INFO - END ROUTE: /api/ladder
2024-10-20 18:58:16 - INFO - returned data sample: [{'leaguePoints': 1314, 'tier': 'CHALLENGER', 'player_ids_data': {'profileIconId': 3494, 'gameName': 'divine maple', 'tagLine': 'goat'}, 'player_summarized_stats_data': {'average_win_rate': 0.6549295774647887}}]
2024-10-20 18:58:16 - INFO - returned data length: 1625
2024-10-20 18:58:16 - INFO - END ROUTE: /api/ladder
2024-10-20 18:59:07 - INFO - START ROUTE: /api/ladder
2024-10-20 18:59:07 - INFO - returned data sample: [{'leaguePoints': 1314, 'tier': 'CHALLENGER', 'player_ids_data': {'profileIconId': 3494, 'gameName': 'divine maple', 'tagLine': 'goat'}, 'player_summarized_stats_data': {'average_win_rate': 0.6549295774647887}}]
2024-10-20 18:59:07 - INFO - returned data length: 1625
2024-10-20 18:59:07 - INFO - END ROUTE: /api/ladder
2024-10-20 18:59:08 - INFO - START ROUTE: /api/ladder
2024-10-20 18:59:08 - INFO - START ROUTE: /api/ladder
2024-10-20 18:59:08 - INFO - returned data sample: [{'leaguePoints': 1314, 'tier': 'CHALLENGER', 'player_ids_data': {'profileIconId': 3494, 'gameName': 'divine maple', 'tagLine': 'goat'}, 'player_summarized_stats_data': {'average_win_rate': 0.6549295774647887}}]
2024-10-20 18:59:08 - INFO - returned data length: 1625
2024-10-20 18:59:08 - INFO - END ROUTE: /api/ladder
2024-10-20 18:59:08 - INFO - returned data sample: [{'leaguePoints': 1314, 'tier': 'CHALLENGER', 'player_ids_data': {'profileIconId': 3494, 'gameName': 'divine maple', 'tagLine': 'goat'}, 'player_summarized_stats_data': {'average_win_rate': 0.6549295774647887}}]
2024-10-20 18:59:08 - INFO - returned data length: 1625
2024-10-20 18:59:08 - INFO - END ROUTE: /api/ladder
2024-10-20 19:05:00 - INFO - START ROUTE: /api/ladder
2024-10-20 19:05:00 - INFO - returned data sample: [{'leaguePoints': 1314, 'tier': 'CHALLENGER', 'player_ids_data': {'profileIconId': 3494, 'gameName': 'divine maple', 'tagLine': 'goat'}, 'player_summarized_stats_data': {'average_win_rate': 0.6549295774647887}}]
2024-10-20 19:05:00 - INFO - returned data length: 1625
2024-10-20 19:05:00 - INFO - END ROUTE: /api/ladder
2024-10-20 19:14:52 - INFO - START ROUTE: /api/ladder
2024-10-20 19:14:52 - INFO - returned data sample: [{'leaguePoints': 1314, 'tier': 'CHALLENGER', 'player_ids_data': {'profileIconId': 3494, 'gameName': 'divine maple', 'tagLine': 'goat'}, 'player_summarized_stats_data': {'average_win_rate': 0.6549295774647887}}]
2024-10-20 19:14:52 - INFO - returned data length: 1625
2024-10-20 19:14:52 - INFO - END ROUTE: /api/ladder
2024-10-20 19:14:52 - INFO - START ROUTE: /api/ladder
2024-10-20 19:14:52 - INFO - returned data sample: [{'leaguePoints': 1314, 'tier': 'CHALLENGER', 'player_ids_data': {'profileIconId': 3494, 'gameName': 'divine maple', 'tagLine': 'goat'}, 'player_summarized_stats_data': {'average_win_rate': 0.6549295774647887}}]
2024-10-20 19:14:52 - INFO - returned data length: 1625
2024-10-20 19:14:52 - INFO - END ROUTE: /api/ladder
2024-10-20 21:31:08 - INFO - START ROUTE: /api/ladder
2024-10-20 21:31:08 - INFO - START ROUTE: /api/ladder
2024-10-20 21:31:08 - INFO - returned data sample: [{'leaguePoints': 1314, 'tier': 'CHALLENGER', 'player_ids_data': {'profileIconId': 3494, 'gameName': 'divine maple', 'tagLine': 'goat'}, 'player_summarized_stats_data': {'average_win_rate': 0.6549295774647887}}]
2024-10-20 21:31:08 - INFO - returned data length: 1625
2024-10-20 21:31:08 - INFO - END ROUTE: /api/ladder
2024-10-20 21:31:08 - INFO - returned data sample: [{'leaguePoints': 1314, 'tier': 'CHALLENGER', 'player_ids_data': {'profileIconId': 3494, 'gameName': 'divine maple', 'tagLine': 'goat'}, 'player_summarized_stats_data': {'average_win_rate': 0.6549295774647887}}]
2024-10-20 21:31:08 - INFO - returned data length: 1625
2024-10-20 21:31:08 - INFO - END ROUTE: /api/ladder
2024-10-23 17:08:59 - INFO - START ROUTE: /api/ladder
2024-10-23 17:08:59 - INFO - START ROUTE: /api/ladder
2024-10-23 17:08:59 - INFO - returned data sample: [{'leaguePoints': 1314, 'tier': 'CHALLENGER', 'player_ids_data': {'profileIconId': 3494, 'gameName': 'divine maple', 'tagLine': 'goat'}, 'player_summarized_stats_data': {'average_win_rate': 0.6549295774647887}}]
2024-10-23 17:08:59 - INFO - returned data length: 1625
2024-10-23 17:08:59 - INFO - END ROUTE: /api/ladder
2024-10-23 17:08:59 - INFO - returned data sample: [{'leaguePoints': 1314, 'tier': 'CHALLENGER', 'player_ids_data': {'profileIconId': 3494, 'gameName': 'divine maple', 'tagLine': 'goat'}, 'player_summarized_stats_data': {'average_win_rate': 0.6549295774647887}}]
2024-10-23 17:08:59 - INFO - returned data length: 1625
2024-10-23 17:08:59 - INFO - END ROUTE: /api/ladder
2024-10-23 17:10:04 - INFO - START ROUTE: /api/ladder
2024-10-23 17:10:04 - INFO - START ROUTE: /api/ladder
2024-10-23 17:10:04 - INFO - returned data sample: [{'leaguePoints': 1314, 'tier': 'CHALLENGER', 'player_ids_data': {'profileIconId': 3494, 'gameName': 'divine maple', 'tagLine': 'goat'}, 'player_summarized_stats_data': {'average_win_rate': 0.6549295774647887}}]
2024-10-23 17:10:04 - INFO - returned data length: 1625
2024-10-23 17:10:04 - INFO - END ROUTE: /api/ladder
2024-10-23 17:10:04 - INFO - returned data sample: [{'leaguePoints': 1314, 'tier': 'CHALLENGER', 'player_ids_data': {'profileIconId': 3494, 'gameName': 'divine maple', 'tagLine': 'goat'}, 'player_summarized_stats_data': {'average_win_rate': 0.6549295774647887}}]
2024-10-23 17:10:04 - INFO - returned data length: 1625
2024-10-23 17:10:04 - INFO - END ROUTE: /api/ladder
2024-10-23 17:22:39 - INFO - START ROUTE: /api/ladder
2024-10-23 17:22:39 - INFO - START ROUTE: /api/ladder
2024-10-23 17:22:39 - INFO - returned data sample: [{'leaguePoints': 1314, 'tier': 'CHALLENGER', 'player_ids_data': {'profileIconId': 3494, 'gameName': 'divine maple', 'tagLine': 'goat'}, 'player_summarized_stats_data': {'average_win_rate': 0.6549295774647887}}]
2024-10-23 17:22:39 - INFO - returned data length: 1625
2024-10-23 17:22:39 - INFO - END ROUTE: /api/ladder
2024-10-23 17:22:39 - INFO - returned data sample: [{'leaguePoints': 1314, 'tier': 'CHALLENGER', 'player_ids_data': {'profileIconId': 3494, 'gameName': 'divine maple', 'tagLine': 'goat'}, 'player_summarized_stats_data': {'average_win_rate': 0.6549295774647887}}]
2024-10-23 17:22:39 - INFO - returned data length: 1625
2024-10-23 17:22:39 - INFO - END ROUTE: /api/ladder
2024-10-23 17:22:52 - INFO - START ROUTE: /api/ladder
2024-10-23 17:22:52 - INFO - returned data sample: [{'leaguePoints': 1314, 'tier': 'CHALLENGER', 'player_ids_data': {'profileIconId': 3494, 'gameName': 'divine maple', 'tagLine': 'goat'}, 'player_summarized_stats_data': {'average_win_rate': 0.6549295774647887}}]
2024-10-23 17:22:52 - INFO - returned data length: 1625
2024-10-23 17:22:52 - INFO - END ROUTE: /api/ladder
2024-10-23 17:22:52 - INFO - START ROUTE: /api/ladder
2024-10-23 17:22:52 - INFO - returned data sample: [{'leaguePoints': 1314, 'tier': 'CHALLENGER', 'player_ids_data': {'profileIconId': 3494, 'gameName': 'divine maple', 'tagLine': 'goat'}, 'player_summarized_stats_data': {'average_win_rate': 0.6549295774647887}}]
2024-10-23 17:22:52 - INFO - returned data length: 1625
2024-10-23 17:22:52 - INFO - END ROUTE: /api/ladder
