2024-10-25 18:10:00 - INFO - START SERVICE: update_summoner_spell_icons
2024-10-25 18:10:00 - INFO - HTTP Request: GET https://raw.communitydragon.org/latest/plugins/rcp-be-lol-game-data/global/default/v1/summoner-spells.json "HTTP/1.1 200 OK"
2024-10-25 18:10:01 - INFO - HTTP Request: GET https://raw.communitydragon.org/latest/game/data/spells/icons2d/summoner_boost.png "HTTP/1.1 200 OK"
2024-10-25 18:10:02 - INFO - HTTP Request: GET https://raw.communitydragon.org/latest/game/data/spells/icons2d/summoner_exhaust.png "HTTP/1.1 200 OK"
2024-10-25 18:10:02 - INFO - HTTP Request: GET https://raw.communitydragon.org/latest/game/data/spells/icons2d/summoner_flash.png "HTTP/1.1 200 OK"
2024-10-25 18:10:03 - INFO - HTTP Request: GET https://raw.communitydragon.org/latest/game/data/spells/icons2d/summoner_backtrack.png "HTTP/1.1 200 OK"
2024-10-25 18:10:03 - INFO - HTTP Request: GET https://raw.communitydragon.org/latest/game/data/spells/icons2d/summoner_haste.png "HTTP/1.1 200 OK"
2024-10-25 18:10:04 - INFO - HTTP Request: GET https://raw.communitydragon.org/latest/game/data/spells/icons2d/summoner_heal.png "HTTP/1.1 200 OK"
2024-10-25 18:10:04 - INFO - HTTP Request: GET https://raw.communitydragon.org/latest/game/data/spells/icons2d/summoner_smite.png "HTTP/1.1 200 OK"
2024-10-25 18:10:05 - INFO - HTTP Request: GET https://raw.communitydragon.org/latest/game/data/spells/icons2d/summoner_teleport.png "HTTP/1.1 200 OK"
2024-10-25 18:10:05 - INFO - HTTP Request: GET https://raw.communitydragon.org/latest/game/data/spells/icons2d/summonermana.png "HTTP/1.1 200 OK"
2024-10-25 18:10:06 - INFO - HTTP Request: GET https://raw.communitydragon.org/latest/game/data/spells/icons2d/summonerignite.png "HTTP/1.1 200 OK"
2024-10-25 18:10:07 - INFO - HTTP Request: GET https://raw.communitydragon.org/latest/game/data/spells/icons2d/summonerbarrier.png "HTTP/1.1 200 OK"
2024-10-25 18:10:07 - INFO - HTTP Request: GET https://raw.communitydragon.org/latest/game/data/spells/icons2d/benevolence_of_king_poro_icon.png "HTTP/1.1 200 OK"
2024-10-25 18:10:08 - INFO - HTTP Request: GET https://raw.communitydragon.org/latest/game/data/spells/icons2d/trailblazer_poro_icon.png "HTTP/1.1 200 OK"
2024-10-25 18:10:08 - INFO - HTTP Request: GET https://raw.communitydragon.org/latest/game/data/spells/icons2d/summoner_mark.png "HTTP/1.1 200 OK"
2024-10-25 18:10:09 - INFO - HTTP Request: GET https://raw.communitydragon.org/latest/game/data/spells/icons2d/summoner_mark.png "HTTP/1.1 200 OK"
2024-10-25 18:10:09 - INFO - HTTP Request: GET https://raw.communitydragon.org/latest/game/data/spells/icons2d/summoner_empty.png "HTTP/1.1 200 OK"
2024-10-25 18:10:10 - INFO - HTTP Request: GET https://raw.communitydragon.org/latest/game/data/spells/icons2d/summoner_emptysmite.png "HTTP/1.1 200 OK"
2024-10-25 18:10:10 - INFO - HTTP Request: GET https://raw.communitydragon.org/latest/game/data/spells/icons2d/icon_summonerspell_flee.2v2_mode_fighters.png "HTTP/1.1 200 OK"
2024-10-25 18:10:11 - INFO - HTTP Request: GET https://raw.communitydragon.org/latest/game/data/spells/icons2d/summoner_flash.png "HTTP/1.1 200 OK"
2024-10-25 18:10:11 - INFO - HTTP Request: GET https://raw.communitydragon.org/latest/game/data/spells/icons2d/summoner_flash.png "HTTP/1.1 200 OK"
2024-10-25 18:10:11 - INFO - HTTP Request: GET https://raw.communitydragon.org/latest/game/data/spells/icons2d/1103_smite.png "HTTP/1.1 200 OK"
2024-10-25 18:10:11 - INFO - HTTP Request: GET https://raw.communitydragon.org/latest/game/data/spells/icons2d/1101_smite.png "HTTP/1.1 200 OK"
2024-10-25 18:10:12 - INFO - HTTP Request: GET https://raw.communitydragon.org/latest/game/data/spells/icons2d/1102_smite.png "HTTP/1.1 200 OK"
2024-10-25 18:10:12 - INFO - END SERVICE: update_summoner_spell_icons
