2024-10-14 20:07:22 - INFO - Deleted 0 documents from the collection: sample.
2024-10-14 21:50:39 - INFO - START SERVICE: update_match_detail
2024-10-14 21:50:39 - INFO - Fetching data start: 
 Get match_id data from db query
2024-10-14 21:50:39 - INFO - Fetching data end: success 
 length: 29163
2024-10-14 21:50:39 - INFO - Fetching data start: 
 Get processed_match_id data from db query
2024-10-14 21:50:39 - INFO - Fetching data end: success 
 length: 30
2024-10-14 21:50:39 - INFO - Transforming data start: 
 Filter to find matches that need to be processed
2024-10-14 21:50:39 - INFO - Transforming data end: success 
 length: 29133
2024-10-14 21:50:39 - INFO - Transforming data start: Truncate match_ids_to_process to 10 (to limit execution time)
2024-10-14 21:50:39 - INFO - Transforming data end: success 
 length: 10
2024-10-14 21:50:39 - INFO - Fetching data start: 
 get match_details from api calls
2024-10-14 21:50:40 - INFO - HTTP Request: GET https://americas.api.riotgames.com/lol/match/v5/matches/NA1_5132921787?api_key=RGAPI-63a3af50-56ff-4e70-9c86-930bee86940a "HTTP/1.1 200 OK"
2024-10-14 21:50:43 - INFO - HTTP Request: GET https://americas.api.riotgames.com/lol/match/v5/matches/NA1_5122182270?api_key=RGAPI-63a3af50-56ff-4e70-9c86-930bee86940a "HTTP/1.1 200 OK"
2024-10-14 21:50:47 - INFO - HTTP Request: GET https://americas.api.riotgames.com/lol/match/v5/matches/NA1_5129314840?api_key=RGAPI-63a3af50-56ff-4e70-9c86-930bee86940a "HTTP/1.1 200 OK"
2024-10-14 21:50:51 - INFO - HTTP Request: GET https://americas.api.riotgames.com/lol/match/v5/matches/NA1_5124426603?api_key=RGAPI-63a3af50-56ff-4e70-9c86-930bee86940a "HTTP/1.1 200 OK"
2024-10-14 21:50:54 - INFO - HTTP Request: GET https://americas.api.riotgames.com/lol/match/v5/matches/NA1_5125950745?api_key=RGAPI-63a3af50-56ff-4e70-9c86-930bee86940a "HTTP/1.1 200 OK"
2024-10-14 21:50:58 - INFO - HTTP Request: GET https://americas.api.riotgames.com/lol/match/v5/matches/NA1_5123972393?api_key=RGAPI-63a3af50-56ff-4e70-9c86-930bee86940a "HTTP/1.1 200 OK"
2024-10-14 21:51:01 - INFO - HTTP Request: GET https://americas.api.riotgames.com/lol/match/v5/matches/NA1_5122735857?api_key=RGAPI-63a3af50-56ff-4e70-9c86-930bee86940a "HTTP/1.1 200 OK"
2024-10-14 21:51:05 - INFO - HTTP Request: GET https://americas.api.riotgames.com/lol/match/v5/matches/NA1_5129752998?api_key=RGAPI-63a3af50-56ff-4e70-9c86-930bee86940a "HTTP/1.1 200 OK"
2024-10-14 21:51:08 - INFO - HTTP Request: GET https://americas.api.riotgames.com/lol/match/v5/matches/NA1_5121480058?api_key=RGAPI-63a3af50-56ff-4e70-9c86-930bee86940a "HTTP/1.1 200 OK"
2024-10-14 21:51:12 - INFO - HTTP Request: GET https://americas.api.riotgames.com/lol/match/v5/matches/NA1_5122653628?api_key=RGAPI-63a3af50-56ff-4e70-9c86-930bee86940a "HTTP/1.1 200 OK"
2024-10-14 21:51:15 - INFO - Fetching data end: success 
 length: 10
2024-10-14 21:51:15 - INFO - Transforming data start: marking processed matches true for database records
2024-10-14 21:51:15 - INFO - Transforming data end: success , 
 length: 10
2024-10-14 21:51:15 - INFO - Validating data start: 
 need to implement validation...
2024-10-14 21:51:15 - INFO - Validating data end: 
 success
2024-10-14 21:51:15 - INFO - Inserting data start: 
 database: challenger_stats_db, collection: match_detail
2024-10-14 21:51:15 - INFO - Inserting data end: success 
 insert_id_list length: 10
2024-10-14 21:51:15 - INFO - Inserting data start: 
 database: challenger_stats_db, collection: processed_match_id
2024-10-14 21:51:15 - INFO - Inserting data end: success 
 insert_id_list length: 10
2024-10-14 21:51:15 - INFO - END SERVICE: update_match_detail
